<?xml version="1.0" encoding="UTF-8"?>
<testng-results skipped="0" failed="0" ignored="0" total="1" passed="1">
  <reporter-output>
    <line>
      <![CDATA[=====Browser Started=====]]>
    </line>
  </reporter-output>
  <suite name="Default suite" duration-ms="37060" started-at="2019-01-02T07:29:32Z" finished-at="2019-01-02T07:30:09Z">
    <groups>
    </groups>
    <test name="Default test" duration-ms="37060" started-at="2019-01-02T07:29:32Z" finished-at="2019-01-02T07:30:09Z">
      <class name="UserMgtTest">
        <test-method status="PASS" signature="LoadBrowser()[pri:0, instance:UserMgtTest@32d992b2]" name="LoadBrowser" is-config="true" duration-ms="4689" started-at="2019-01-02T12:59:32Z" finished-at="2019-01-02T12:59:37Z">
          <reporter-output>
            <line>
              <![CDATA[=====Browser Started=====]]>
            </line>
          </reporter-output>
        </test-method> <!-- LoadBrowser -->
        <test-method status="PASS" signature="UserCreate()[pri:1, instance:UserMgtTest@32d992b2]" name="UserCreate" duration-ms="32351" started-at="2019-01-02T12:59:37Z" finished-at="2019-01-02T13:00:09Z">
          <reporter-output>
          </reporter-output>
        </test-method> <!-- UserCreate -->
      </class> <!-- UserMgtTest -->
    </test> <!-- Default test -->
  </suite> <!-- Default suite -->
</testng-results>
