<?xml version="1.0" encoding="UTF-8"?>
<testng-results skipped="0" failed="0" ignored="0" total="1" passed="1">
  <reporter-output>
    <line>
      <![CDATA[=====Browser Started=====]]>
    </line>
  </reporter-output>
  <suite name="Default suite" duration-ms="39954" started-at="2019-01-02T07:41:34Z" finished-at="2019-01-02T07:42:14Z">
    <groups>
    </groups>
    <test name="Default test" duration-ms="39954" started-at="2019-01-02T07:41:34Z" finished-at="2019-01-02T07:42:14Z">
      <class name="UserMgtTest">
        <test-method status="PASS" signature="LoadBrowser()[pri:0, instance:UserMgtTest@32d992b2]" name="LoadBrowser" is-config="true" duration-ms="6626" started-at="2019-01-02T13:11:34Z" finished-at="2019-01-02T13:11:41Z">
          <reporter-output>
            <line>
              <![CDATA[=====Browser Started=====]]>
            </line>
          </reporter-output>
        </test-method> <!-- LoadBrowser -->
        <test-method status="PASS" signature="UserCreate()[pri:1, instance:UserMgtTest@32d992b2]" name="UserCreate" duration-ms="33303" started-at="2019-01-02T13:11:41Z" finished-at="2019-01-02T13:12:14Z">
          <reporter-output>
          </reporter-output>
        </test-method> <!-- UserCreate -->
      </class> <!-- UserMgtTest -->
    </test> <!-- Default test -->
  </suite> <!-- Default suite -->
</testng-results>
